  [1m[35m (5.5ms)[0m  [1m[35mCREATE TABLE "schema_migrations" ("version" character varying PRIMARY KEY)[0m
  [1m[35m (3.6ms)[0m  [1m[35mCREATE TABLE "ar_internal_metadata" ("key" character varying PRIMARY KEY, "value" character varying, "created_at" timestamp NOT NULL, "updated_at" timestamp NOT NULL)[0m
  [1m[35m (0.4ms)[0m  [1m[34mSELECT pg_try_advisory_lock(7775464478374943595);[0m
  [1m[36mActiveRecord::SchemaMigration Load (0.4ms)[0m  [1m[34mSELECT "schema_migrations".* FROM "schema_migrations"[0m
Migrating to CreateUsers (20170417185304)
  [1m[35m (0.2ms)[0m  [1m[35mBEGIN[0m
  [1m[35m (4.9ms)[0m  [1m[35mCREATE TABLE "users" ("id" serial primary key, "username" character varying, "password_digest" character varying)[0m
  [1m[35mSQL (0.5ms)[0m  [1m[32mINSERT INTO "schema_migrations" ("version") VALUES ($1) RETURNING "version"[0m  [["version", "20170417185304"]]
  [1m[35m (0.5ms)[0m  [1m[35mCOMMIT[0m
Migrating to CreatePictures (20170417190019)
  [1m[35m (0.5ms)[0m  [1m[35mBEGIN[0m
  [1m[35m (2.6ms)[0m  [1m[35mCREATE TABLE "pictures" ("id" serial primary key, "image" oid NOT NULL, "user_id" integer)[0m
  [1m[35mSQL (0.3ms)[0m  [1m[32mINSERT INTO "schema_migrations" ("version") VALUES ($1) RETURNING "version"[0m  [["version", "20170417190019"]]
  [1m[35m (0.5ms)[0m  [1m[35mCOMMIT[0m
Migrating to CreateCategories (20170417191111)
  [1m[35m (0.3ms)[0m  [1m[35mBEGIN[0m
  [1m[35m (3.7ms)[0m  [1m[35mCREATE TABLE "categories" ("id" serial primary key, "name" character varying)[0m
  [1m[35mSQL (0.3ms)[0m  [1m[32mINSERT INTO "schema_migrations" ("version") VALUES ($1) RETURNING "version"[0m  [["version", "20170417191111"]]
  [1m[35m (0.4ms)[0m  [1m[35mCOMMIT[0m
Migrating to CreatePictureCategories (20170417191650)
  [1m[35m (0.2ms)[0m  [1m[35mBEGIN[0m
  [1m[35m (2.7ms)[0m  [1m[35mCREATE TABLE "picture_categories" ("id" serial primary key, "picture_id" integer, "category_id" integer)[0m
  [1m[35mSQL (0.3ms)[0m  [1m[32mINSERT INTO "schema_migrations" ("version") VALUES ($1) RETURNING "version"[0m  [["version", "20170417191650"]]
  [1m[35m (0.4ms)[0m  [1m[35mCOMMIT[0m
Migrating to ChangePictures (20170417205832)
  [1m[35m (0.2ms)[0m  [1m[35mBEGIN[0m
  [1m[35m (0.8ms)[0m  [1m[35mALTER TABLE "pictures" DROP "image"[0m
  [1m[35m (1.8ms)[0m  [1m[35mALTER TABLE "pictures" ADD "image_url" character varying[0m
  [1m[35mSQL (0.3ms)[0m  [1m[32mINSERT INTO "schema_migrations" ("version") VALUES ($1) RETURNING "version"[0m  [["version", "20170417205832"]]
  [1m[35m (0.4ms)[0m  [1m[35mCOMMIT[0m
Migrating to AddNameToPictures (20170418162532)
  [1m[35m (0.1ms)[0m  [1m[35mBEGIN[0m
  [1m[35m (0.4ms)[0m  [1m[35mALTER TABLE "pictures" ADD "name" character varying[0m
  [1m[35mSQL (0.2ms)[0m  [1m[32mINSERT INTO "schema_migrations" ("version") VALUES ($1) RETURNING "version"[0m  [["version", "20170418162532"]]
  [1m[35m (0.4ms)[0m  [1m[35mCOMMIT[0m
Migrating to AddAttachmentImageToPictures (20170418181655)
  [1m[35m (0.1ms)[0m  [1m[35mBEGIN[0m
DEPRECATION WARNING: Directly inheriting from ActiveRecord::Migration is deprecated. Please specify the Rails release the migration was written for:

  class AddAttachmentImageToPictures < ActiveRecord::Migration[4.2] (called from load at /Users/admin/.rvm/gems/ruby-2.3.0/bin/rake:22)
  [1m[35m (0.4ms)[0m  [1m[35mALTER TABLE "pictures" ADD "image_file_name" character varying[0m
  [1m[35m (0.3ms)[0m  [1m[35mALTER TABLE "pictures" ADD "image_content_type" character varying[0m
  [1m[35m (0.3ms)[0m  [1m[35mALTER TABLE "pictures" ADD "image_file_size" integer[0m
  [1m[35m (0.3ms)[0m  [1m[35mALTER TABLE "pictures" ADD "image_updated_at" timestamp[0m
  [1m[35m (0.4ms)[0m  [1m[35mALTER TABLE "pictures" DROP "image_url"[0m
  [1m[35mSQL (0.3ms)[0m  [1m[32mINSERT INTO "schema_migrations" ("version") VALUES ($1) RETURNING "version"[0m  [["version", "20170418181655"]]
  [1m[35m (0.3ms)[0m  [1m[35mCOMMIT[0m
Migrating to CreateUserLeaders (20170418191033)
  [1m[35m (0.2ms)[0m  [1m[35mBEGIN[0m
  [1m[35m (2.4ms)[0m  [1m[35mCREATE TABLE "user_leaders" ("id" serial primary key, "user_id" integer, "leader_id" integer)[0m
  [1m[35mSQL (0.3ms)[0m  [1m[32mINSERT INTO "schema_migrations" ("version") VALUES ($1) RETURNING "version"[0m  [["version", "20170418191033"]]
  [1m[35m (0.5ms)[0m  [1m[35mCOMMIT[0m
  [1m[36mActiveRecord::InternalMetadata Load (0.3ms)[0m  [1m[34mSELECT  "ar_internal_metadata".* FROM "ar_internal_metadata" WHERE "ar_internal_metadata"."key" = $1 LIMIT $2[0m  [["key", :environment], ["LIMIT", 1]]
  [1m[35m (0.1ms)[0m  [1m[35mBEGIN[0m
  [1m[35mSQL (0.4ms)[0m  [1m[32mINSERT INTO "ar_internal_metadata" ("key", "value", "created_at", "updated_at") VALUES ($1, $2, $3, $4) RETURNING "key"[0m  [["key", "environment"], ["value", "development"], ["created_at", 2017-04-19 17:16:31 UTC], ["updated_at", 2017-04-19 17:16:31 UTC]]
  [1m[35m (0.4ms)[0m  [1m[35mCOMMIT[0m
  [1m[35m (0.2ms)[0m  [1m[34mSELECT pg_advisory_unlock(7775464478374943595)[0m
  [1m[36mActiveRecord::SchemaMigration Load (0.2ms)[0m  [1m[34mSELECT "schema_migrations".* FROM "schema_migrations"[0m
  [1m[36mPicture Load (0.7ms)[0m  [1m[34mSELECT "pictures".* FROM "pictures"[0m
Started GET "/" for ::1 at 2017-04-19 13:17:26 -0400
  [1m[36mActiveRecord::SchemaMigration Load (0.5ms)[0m  [1m[34mSELECT "schema_migrations".* FROM "schema_migrations"[0m
Processing by PicturesController#index as HTML
  Rendering pictures/index.html.erb within layouts/application
  [1m[36mPicture Load (0.6ms)[0m  [1m[34mSELECT "pictures".* FROM "pictures"[0m
  Rendered pictures/index.html.erb within layouts/application (5.7ms)
Completed 200 OK in 379ms (Views: 354.8ms | ActiveRecord: 2.3ms)


Started POST "/sessions" for ::1 at 2017-04-19 13:17:35 -0400
Processing by SessionsController#create as HTML
  Parameters: {"utf8"=>"✓", "authenticity_token"=>"AbLs1TaE1/6F5Jfl/PHaHQn5P2DvCpdpfw4bA4JLFnDhCCXY0cENHmtDejhtAF7hF43bB/lEJKwuhGDyseSD2w==", "username"=>"mark", "password"=>"[FILTERED]", "commit"=>"Login"}
Unpermitted parameters: utf8, authenticity_token, password, commit
  [1m[36mUser Load (1.0ms)[0m  [1m[34mSELECT  "users".* FROM "users" WHERE "users"."username" = $1 LIMIT $2[0m  [["username", "mark"], ["LIMIT", 1]]
  Rendering sessions/new.html.erb within layouts/application
  Rendered sessions/new.html.erb within layouts/application (7.2ms)
Completed 200 OK in 53ms (Views: 30.1ms | ActiveRecord: 10.1ms)


Started POST "/sessions" for ::1 at 2017-04-19 13:17:43 -0400
Processing by SessionsController#create as HTML
  Parameters: {"utf8"=>"✓", "authenticity_token"=>"BFjjg4xwdwjuySzWxmxJM8bZEeAJiC3NFxmDZdqyfKfk4iqOazWt6ABuwQtXnc3P2K31hx/GnghGk/iU6R3pDA==", "username"=>"Mark", "password"=>"[FILTERED]", "commit"=>"Login"}
Unpermitted parameters: utf8, authenticity_token, password, commit
  [1m[36mUser Load (1.5ms)[0m  [1m[34mSELECT  "users".* FROM "users" WHERE "users"."username" = $1 LIMIT $2[0m  [["username", "Mark"], ["LIMIT", 1]]
  Rendering sessions/new.html.erb within layouts/application
  Rendered sessions/new.html.erb within layouts/application (1.2ms)
Completed 200 OK in 23ms (Views: 19.0ms | ActiveRecord: 1.5ms)


Started GET "/users/new" for ::1 at 2017-04-19 13:17:53 -0400
Processing by UsersController#new as HTML
  Rendering users/new.html.erb within layouts/application
  Rendered users/new.html.erb within layouts/application (13.7ms)
Completed 200 OK in 63ms (Views: 59.5ms | ActiveRecord: 0.0ms)


Started GET "/sessions" for ::1 at 2017-04-19 13:17:55 -0400
  
ActionController::RoutingError (No route matches [GET] "/sessions"):
  
actionpack (5.0.2) lib/action_dispatch/middleware/debug_exceptions.rb:53:in `call'
web-console (3.5.0) lib/web_console/middleware.rb:135:in `call_app'
web-console (3.5.0) lib/web_console/middleware.rb:28:in `block in call'
web-console (3.5.0) lib/web_console/middleware.rb:18:in `catch'
web-console (3.5.0) lib/web_console/middleware.rb:18:in `call'
actionpack (5.0.2) lib/action_dispatch/middleware/show_exceptions.rb:31:in `call'
railties (5.0.2) lib/rails/rack/logger.rb:36:in `call_app'
railties (5.0.2) lib/rails/rack/logger.rb:24:in `block in call'
activesupport (5.0.2) lib/active_support/tagged_logging.rb:69:in `block in tagged'
activesupport (5.0.2) lib/active_support/tagged_logging.rb:26:in `tagged'
activesupport (5.0.2) lib/active_support/tagged_logging.rb:69:in `tagged'
railties (5.0.2) lib/rails/rack/logger.rb:24:in `call'
sprockets-rails (3.2.0) lib/sprockets/rails/quiet_assets.rb:13:in `call'
actionpack (5.0.2) lib/action_dispatch/middleware/request_id.rb:24:in `call'
rack (2.0.1) lib/rack/method_override.rb:22:in `call'
rack (2.0.1) lib/rack/runtime.rb:22:in `call'
activesupport (5.0.2) lib/active_support/cache/strategy/local_cache_middleware.rb:28:in `call'
actionpack (5.0.2) lib/action_dispatch/middleware/executor.rb:12:in `call'
actionpack (5.0.2) lib/action_dispatch/middleware/static.rb:136:in `call'
rack (2.0.1) lib/rack/sendfile.rb:111:in `call'
railties (5.0.2) lib/rails/engine.rb:522:in `call'
puma (3.8.2) lib/puma/configuration.rb:224:in `call'
puma (3.8.2) lib/puma/server.rb:600:in `handle_request'
puma (3.8.2) lib/puma/server.rb:435:in `process_client'
puma (3.8.2) lib/puma/server.rb:299:in `block in run'
puma (3.8.2) lib/puma/thread_pool.rb:120:in `block in spawn_thread'
  Rendering /Users/admin/.rvm/gems/ruby-2.3.0/gems/actionpack-5.0.2/lib/action_dispatch/middleware/templates/rescues/routing_error.html.erb within rescues/layout
  Rendering /Users/admin/.rvm/gems/ruby-2.3.0/gems/actionpack-5.0.2/lib/action_dispatch/middleware/templates/rescues/_trace.html.erb
  Rendered /Users/admin/.rvm/gems/ruby-2.3.0/gems/actionpack-5.0.2/lib/action_dispatch/middleware/templates/rescues/_trace.html.erb (2.8ms)
  Rendered collection of /Users/admin/.rvm/gems/ruby-2.3.0/gems/actionpack-5.0.2/lib/action_dispatch/middleware/templates/routes/_route.html.erb [30 times] (28.7ms)
  Rendered /Users/admin/.rvm/gems/ruby-2.3.0/gems/actionpack-5.0.2/lib/action_dispatch/middleware/templates/routes/_table.html.erb (6.7ms)
  Rendering /Users/admin/.rvm/gems/ruby-2.3.0/gems/actionpack-5.0.2/lib/action_dispatch/middleware/templates/rescues/_request_and_response.html.erb
  Rendered /Users/admin/.rvm/gems/ruby-2.3.0/gems/actionpack-5.0.2/lib/action_dispatch/middleware/templates/rescues/_request_and_response.html.erb (3.3ms)
  Rendered /Users/admin/.rvm/gems/ruby-2.3.0/gems/actionpack-5.0.2/lib/action_dispatch/middleware/templates/rescues/routing_error.html.erb within rescues/layout (209.7ms)
Started GET "/users/new" for ::1 at 2017-04-19 13:18:05 -0400
Processing by UsersController#new as HTML
  Rendering users/new.html.erb within layouts/application
  Rendered users/new.html.erb within layouts/application (2.6ms)
Completed 200 OK in 25ms (Views: 22.5ms | ActiveRecord: 0.0ms)


Started POST "/users" for ::1 at 2017-04-19 13:18:10 -0400
Processing by UsersController#create as HTML
  Parameters: {"utf8"=>"✓", "authenticity_token"=>"VamctREdkPj3jyb23hvgnZGyUOOxttFUfq8+9dz6Ag+1E1W49lhKGBkoyytP6mRhj8a0hKf4YpEvJUUE71WXpA==", "user"=>{"username"=>"mark", "password"=>"[FILTERED]", "password_confirmation"=>"[FILTERED]"}, "commit"=>"Create User"}
  [1m[35m (0.2ms)[0m  [1m[35mBEGIN[0m
  [1m[35mSQL (0.8ms)[0m  [1m[32mINSERT INTO "users" ("username", "password_digest") VALUES ($1, $2) RETURNING "id"[0m  [["username", "mark"], ["password_digest", "$2a$10$zXHS1nwOx2kBSONhIdIK2.ART/tkuA9tPR.vZPHQDbuqXmuoQ7HDm"]]
  [1m[35m (2.2ms)[0m  [1m[35mCOMMIT[0m
Redirected to http://localhost:3000/users/1
Completed 302 Found in 82ms (ActiveRecord: 3.2ms)


Started GET "/users/1" for ::1 at 2017-04-19 13:18:10 -0400
Processing by UsersController#show as HTML
  Parameters: {"id"=>"1"}
  [1m[36mUser Load (0.5ms)[0m  [1m[34mSELECT  "users".* FROM "users" WHERE "users"."id" = $1 LIMIT $2[0m  [["id", 1], ["LIMIT", 1]]
  Rendering users/show.html.erb within layouts/application
  [1m[36mUser Load (0.5ms)[0m  [1m[34mSELECT "users".* FROM "users" INNER JOIN "user_leaders" ON "users"."id" = "user_leaders"."leader_id" WHERE "user_leaders"."user_id" = $1[0m  [["user_id", 1]]
  [1m[36mPicture Load (0.4ms)[0m  [1m[34mSELECT "pictures".* FROM "pictures" WHERE "pictures"."user_id" = $1[0m  [["user_id", 1]]
  Rendered users/show.html.erb within layouts/application (55.8ms)
  [1m[36mUser Load (0.3ms)[0m  [1m[34mSELECT  "users".* FROM "users" WHERE "users"."id" = $1 LIMIT $2[0m  [["id", 1], ["LIMIT", 1]]
Completed 200 OK in 85ms (Views: 73.2ms | ActiveRecord: 4.8ms)


Started GET "/pictures/new" for ::1 at 2017-04-19 13:18:12 -0400
Processing by PicturesController#new as HTML
  Rendering pictures/new.html.erb within layouts/application
  Rendered pictures/new.html.erb within layouts/application (6.9ms)
  [1m[36mUser Load (0.3ms)[0m  [1m[34mSELECT  "users".* FROM "users" WHERE "users"."id" = $1 LIMIT $2[0m  [["id", 1], ["LIMIT", 1]]
Completed 200 OK in 50ms (Views: 33.8ms | ActiveRecord: 5.7ms)


Started POST "/pictures" for ::1 at 2017-04-19 13:18:29 -0400
Processing by PicturesController#create as HTML
  Parameters: {"utf8"=>"✓", "authenticity_token"=>"/T8GmmAmAbE98QyFf8F7WPgK9CKXAbpJMmjm3qulmWdLNYtak3c/qPEe9gPX8WYgA9wq1fRqUbowerPu0aH0nw==", "picture"=>{"name"=>"Test", "image"=>#<ActionDispatch::Http::UploadedFile:0x007ff624748e30 @tempfile=#<Tempfile:/var/folders/tw/2xq4bqc97qz777196k6cpklc0000gn/T/RackMultipart20170419-40783-1nuap8.jpg>, @original_filename="bluebells_clipped.jpg", @content_type="image/jpeg", @headers="Content-Disposition: form-data; name=\"picture[image]\"; filename=\"bluebells_clipped.jpg\"\r\nContent-Type: image/jpeg\r\n">}, "categories"=>"blue bells", "commit"=>"Create Picture"}
Completed 500 Internal Server Error in 3ms (ActiveRecord: 0.0ms)


  
ActiveModel::UnknownAttributeError (unknown attribute 'image' for Picture.):
  
app/controllers/pictures_controller.rb:10:in `create'
  Rendering /Users/admin/.rvm/gems/ruby-2.3.0/gems/actionpack-5.0.2/lib/action_dispatch/middleware/templates/rescues/diagnostics.html.erb within rescues/layout
  Rendering /Users/admin/.rvm/gems/ruby-2.3.0/gems/actionpack-5.0.2/lib/action_dispatch/middleware/templates/rescues/_source.html.erb
  Rendered /Users/admin/.rvm/gems/ruby-2.3.0/gems/actionpack-5.0.2/lib/action_dispatch/middleware/templates/rescues/_source.html.erb (2.6ms)
  Rendering /Users/admin/.rvm/gems/ruby-2.3.0/gems/actionpack-5.0.2/lib/action_dispatch/middleware/templates/rescues/_trace.html.erb
  Rendered /Users/admin/.rvm/gems/ruby-2.3.0/gems/actionpack-5.0.2/lib/action_dispatch/middleware/templates/rescues/_trace.html.erb (1.5ms)
  Rendering /Users/admin/.rvm/gems/ruby-2.3.0/gems/actionpack-5.0.2/lib/action_dispatch/middleware/templates/rescues/_request_and_response.html.erb
  Rendered /Users/admin/.rvm/gems/ruby-2.3.0/gems/actionpack-5.0.2/lib/action_dispatch/middleware/templates/rescues/_request_and_response.html.erb (1.5ms)
  Rendered /Users/admin/.rvm/gems/ruby-2.3.0/gems/actionpack-5.0.2/lib/action_dispatch/middleware/templates/rescues/diagnostics.html.erb within rescues/layout (65.8ms)
Started GET "/pictures" for ::1 at 2017-04-19 13:19:45 -0400
  [1m[36mActiveRecord::SchemaMigration Load (0.6ms)[0m  [1m[34mSELECT "schema_migrations".* FROM "schema_migrations"[0m
Processing by PicturesController#index as HTML
  Rendering pictures/index.html.erb within layouts/application
  [1m[36mPicture Load (0.5ms)[0m  [1m[34mSELECT "pictures".* FROM "pictures"[0m
  Rendered pictures/index.html.erb within layouts/application (3.9ms)
  [1m[36mUser Load (0.3ms)[0m  [1m[34mSELECT  "users".* FROM "users" WHERE "users"."id" = $1 LIMIT $2[0m  [["id", 1], ["LIMIT", 1]]
Completed 200 OK in 213ms (Views: 184.2ms | ActiveRecord: 7.3ms)


Started GET "/users/1" for ::1 at 2017-04-19 13:19:48 -0400
Processing by UsersController#show as HTML
  Parameters: {"id"=>"1"}
  [1m[36mUser Load (0.8ms)[0m  [1m[34mSELECT  "users".* FROM "users" WHERE "users"."id" = $1 LIMIT $2[0m  [["id", 1], ["LIMIT", 1]]
  Rendering users/show.html.erb within layouts/application
  [1m[36mUser Load (0.4ms)[0m  [1m[34mSELECT "users".* FROM "users" INNER JOIN "user_leaders" ON "users"."id" = "user_leaders"."leader_id" WHERE "user_leaders"."user_id" = $1[0m  [["user_id", 1]]
  [1m[36mPicture Load (0.3ms)[0m  [1m[34mSELECT "pictures".* FROM "pictures" WHERE "pictures"."user_id" = $1[0m  [["user_id", 1]]
  Rendered users/show.html.erb within layouts/application (29.8ms)
  [1m[36mUser Load (0.2ms)[0m  [1m[34mSELECT  "users".* FROM "users" WHERE "users"."id" = $1 LIMIT $2[0m  [["id", 1], ["LIMIT", 1]]
Completed 200 OK in 51ms (Views: 42.7ms | ActiveRecord: 5.3ms)


Started POST "/pictures" for ::1 at 2017-04-19 13:19:50 -0400
Processing by PicturesController#create as HTML
  Parameters: {"utf8"=>"✓", "authenticity_token"=>"MBpcleE+AbEhIKunCh0EAGasLkhE56o6AlyGgQNSLNbQoJWYBnvbUc+HRnqb7ID8eNjKL1KpGf9T1v1wMP25fQ==", "picture"=>{"name"=>"Test", "image"=>#<ActionDispatch::Http::UploadedFile:0x007fe7b1ec4898 @tempfile=#<Tempfile:/var/folders/tw/2xq4bqc97qz777196k6cpklc0000gn/T/RackMultipart20170419-40852-hwayfd.jpg>, @original_filename="bluebells_clipped.jpg", @content_type="image/jpeg", @headers="Content-Disposition: form-data; name=\"picture[image]\"; filename=\"bluebells_clipped.jpg\"\r\nContent-Type: image/jpeg\r\n">}, "categories"=>"blue bells", "commit"=>"Create Picture"}
Completed 500 Internal Server Error in 13ms (ActiveRecord: 4.7ms)


  
ActiveModel::UnknownAttributeError (unknown attribute 'image' for Picture.):
  
app/controllers/pictures_controller.rb:10:in `create'
  Rendering /Users/admin/.rvm/gems/ruby-2.3.0/gems/actionpack-5.0.2/lib/action_dispatch/middleware/templates/rescues/diagnostics.html.erb within rescues/layout
  Rendering /Users/admin/.rvm/gems/ruby-2.3.0/gems/actionpack-5.0.2/lib/action_dispatch/middleware/templates/rescues/_source.html.erb
  Rendered /Users/admin/.rvm/gems/ruby-2.3.0/gems/actionpack-5.0.2/lib/action_dispatch/middleware/templates/rescues/_source.html.erb (3.0ms)
  Rendering /Users/admin/.rvm/gems/ruby-2.3.0/gems/actionpack-5.0.2/lib/action_dispatch/middleware/templates/rescues/_trace.html.erb
  Rendered /Users/admin/.rvm/gems/ruby-2.3.0/gems/actionpack-5.0.2/lib/action_dispatch/middleware/templates/rescues/_trace.html.erb (1.4ms)
  Rendering /Users/admin/.rvm/gems/ruby-2.3.0/gems/actionpack-5.0.2/lib/action_dispatch/middleware/templates/rescues/_request_and_response.html.erb
  Rendered /Users/admin/.rvm/gems/ruby-2.3.0/gems/actionpack-5.0.2/lib/action_dispatch/middleware/templates/rescues/_request_and_response.html.erb (1.3ms)
  Rendered /Users/admin/.rvm/gems/ruby-2.3.0/gems/actionpack-5.0.2/lib/action_dispatch/middleware/templates/rescues/diagnostics.html.erb within rescues/layout (58.4ms)
  [1m[36mActiveRecord::SchemaMigration Load (0.5ms)[0m  [1m[34mSELECT "schema_migrations".* FROM "schema_migrations"[0m
  [1m[35m (0.4ms)[0m  [1m[34mSELECT "ar_internal_metadata"."value" FROM "ar_internal_metadata" WHERE "ar_internal_metadata"."key" = $1[0m  [["key", :environment]]
  [1m[36mActiveRecord::SchemaMigration Load (0.2ms)[0m  [1m[34mSELECT "schema_migrations".* FROM "schema_migrations"[0m
  [1m[35m (0.2ms)[0m  [1m[34mSELECT "ar_internal_metadata"."value" FROM "ar_internal_metadata" WHERE "ar_internal_metadata"."key" = $1[0m  [["key", :environment]]
  [1m[36mActiveRecord::SchemaMigration Load (0.2ms)[0m  [1m[34mSELECT "schema_migrations".* FROM "schema_migrations"[0m
  [1m[35m (0.2ms)[0m  [1m[34mSELECT "ar_internal_metadata"."value" FROM "ar_internal_metadata" WHERE "ar_internal_metadata"."key" = $1[0m  [["key", :environment]]
  [1m[35m (5039.2ms)[0m  [1m[35mDROP DATABASE IF EXISTS "pixr_development"[0m
Started GET "/users/new" for ::1 at 2017-04-19 14:08:29 -0400
  [1m[36mActiveRecord::SchemaMigration Load (0.5ms)[0m  [1m[34mSELECT "schema_migrations".* FROM "schema_migrations"[0m
Processing by UsersController#new as HTML
  Rendering users/new.html.erb within layouts/application
  Rendered users/new.html.erb within layouts/application (14.5ms)
  [1m[36mUser Load (0.4ms)[0m  [1m[34mSELECT  "users".* FROM "users" WHERE "users"."id" = $1 LIMIT $2[0m  [["id", 1], ["LIMIT", 1]]
Completed 200 OK in 221ms (Views: 193.1ms | ActiveRecord: 6.7ms)


Started GET "/users/" for ::1 at 2017-04-19 14:08:33 -0400
  
ActionController::RoutingError (No route matches [GET] "/users"):
  
actionpack (5.0.2) lib/action_dispatch/middleware/debug_exceptions.rb:53:in `call'
web-console (3.5.0) lib/web_console/middleware.rb:135:in `call_app'
web-console (3.5.0) lib/web_console/middleware.rb:28:in `block in call'
web-console (3.5.0) lib/web_console/middleware.rb:18:in `catch'
web-console (3.5.0) lib/web_console/middleware.rb:18:in `call'
actionpack (5.0.2) lib/action_dispatch/middleware/show_exceptions.rb:31:in `call'
railties (5.0.2) lib/rails/rack/logger.rb:36:in `call_app'
railties (5.0.2) lib/rails/rack/logger.rb:24:in `block in call'
activesupport (5.0.2) lib/active_support/tagged_logging.rb:69:in `block in tagged'
activesupport (5.0.2) lib/active_support/tagged_logging.rb:26:in `tagged'
activesupport (5.0.2) lib/active_support/tagged_logging.rb:69:in `tagged'
railties (5.0.2) lib/rails/rack/logger.rb:24:in `call'
sprockets-rails (3.2.0) lib/sprockets/rails/quiet_assets.rb:13:in `call'
actionpack (5.0.2) lib/action_dispatch/middleware/request_id.rb:24:in `call'
rack (2.0.1) lib/rack/method_override.rb:22:in `call'
rack (2.0.1) lib/rack/runtime.rb:22:in `call'
activesupport (5.0.2) lib/active_support/cache/strategy/local_cache_middleware.rb:28:in `call'
actionpack (5.0.2) lib/action_dispatch/middleware/executor.rb:12:in `call'
actionpack (5.0.2) lib/action_dispatch/middleware/static.rb:136:in `call'
rack (2.0.1) lib/rack/sendfile.rb:111:in `call'
railties (5.0.2) lib/rails/engine.rb:522:in `call'
puma (3.8.2) lib/puma/configuration.rb:224:in `call'
puma (3.8.2) lib/puma/server.rb:600:in `handle_request'
puma (3.8.2) lib/puma/server.rb:435:in `process_client'
puma (3.8.2) lib/puma/server.rb:299:in `block in run'
puma (3.8.2) lib/puma/thread_pool.rb:120:in `block in spawn_thread'
  Rendering /Users/admin/.rvm/gems/ruby-2.3.0/gems/actionpack-5.0.2/lib/action_dispatch/middleware/templates/rescues/routing_error.html.erb within rescues/layout
  Rendering /Users/admin/.rvm/gems/ruby-2.3.0/gems/actionpack-5.0.2/lib/action_dispatch/middleware/templates/rescues/_trace.html.erb
  Rendered /Users/admin/.rvm/gems/ruby-2.3.0/gems/actionpack-5.0.2/lib/action_dispatch/middleware/templates/rescues/_trace.html.erb (1.1ms)
  Rendered collection of /Users/admin/.rvm/gems/ruby-2.3.0/gems/actionpack-5.0.2/lib/action_dispatch/middleware/templates/routes/_route.html.erb [30 times] (9.0ms)
  Rendered /Users/admin/.rvm/gems/ruby-2.3.0/gems/actionpack-5.0.2/lib/action_dispatch/middleware/templates/routes/_table.html.erb (1.8ms)
  Rendering /Users/admin/.rvm/gems/ruby-2.3.0/gems/actionpack-5.0.2/lib/action_dispatch/middleware/templates/rescues/_request_and_response.html.erb
  Rendered /Users/admin/.rvm/gems/ruby-2.3.0/gems/actionpack-5.0.2/lib/action_dispatch/middleware/templates/rescues/_request_and_response.html.erb (1.1ms)
  Rendered /Users/admin/.rvm/gems/ruby-2.3.0/gems/actionpack-5.0.2/lib/action_dispatch/middleware/templates/rescues/routing_error.html.erb within rescues/layout (86.9ms)
Started GET "/users/" for ::1 at 2017-04-19 14:08:36 -0400
  
ActionController::RoutingError (No route matches [GET] "/users"):
  
actionpack (5.0.2) lib/action_dispatch/middleware/debug_exceptions.rb:53:in `call'
web-console (3.5.0) lib/web_console/middleware.rb:135:in `call_app'
web-console (3.5.0) lib/web_console/middleware.rb:28:in `block in call'
web-console (3.5.0) lib/web_console/middleware.rb:18:in `catch'
web-console (3.5.0) lib/web_console/middleware.rb:18:in `call'
actionpack (5.0.2) lib/action_dispatch/middleware/show_exceptions.rb:31:in `call'
railties (5.0.2) lib/rails/rack/logger.rb:36:in `call_app'
railties (5.0.2) lib/rails/rack/logger.rb:24:in `block in call'
activesupport (5.0.2) lib/active_support/tagged_logging.rb:69:in `block in tagged'
activesupport (5.0.2) lib/active_support/tagged_logging.rb:26:in `tagged'
activesupport (5.0.2) lib/active_support/tagged_logging.rb:69:in `tagged'
railties (5.0.2) lib/rails/rack/logger.rb:24:in `call'
sprockets-rails (3.2.0) lib/sprockets/rails/quiet_assets.rb:13:in `call'
actionpack (5.0.2) lib/action_dispatch/middleware/request_id.rb:24:in `call'
rack (2.0.1) lib/rack/method_override.rb:22:in `call'
rack (2.0.1) lib/rack/runtime.rb:22:in `call'
activesupport (5.0.2) lib/active_support/cache/strategy/local_cache_middleware.rb:28:in `call'
actionpack (5.0.2) lib/action_dispatch/middleware/executor.rb:12:in `call'
actionpack (5.0.2) lib/action_dispatch/middleware/static.rb:136:in `call'
rack (2.0.1) lib/rack/sendfile.rb:111:in `call'
railties (5.0.2) lib/rails/engine.rb:522:in `call'
puma (3.8.2) lib/puma/configuration.rb:224:in `call'
puma (3.8.2) lib/puma/server.rb:600:in `handle_request'
puma (3.8.2) lib/puma/server.rb:435:in `process_client'
puma (3.8.2) lib/puma/server.rb:299:in `block in run'
puma (3.8.2) lib/puma/thread_pool.rb:120:in `block in spawn_thread'
  Rendering /Users/admin/.rvm/gems/ruby-2.3.0/gems/actionpack-5.0.2/lib/action_dispatch/middleware/templates/rescues/routing_error.html.erb within rescues/layout
  Rendering /Users/admin/.rvm/gems/ruby-2.3.0/gems/actionpack-5.0.2/lib/action_dispatch/middleware/templates/rescues/_trace.html.erb
  Rendered /Users/admin/.rvm/gems/ruby-2.3.0/gems/actionpack-5.0.2/lib/action_dispatch/middleware/templates/rescues/_trace.html.erb (1.1ms)
  Rendered collection of /Users/admin/.rvm/gems/ruby-2.3.0/gems/actionpack-5.0.2/lib/action_dispatch/middleware/templates/routes/_route.html.erb [30 times] (7.2ms)
  Rendered /Users/admin/.rvm/gems/ruby-2.3.0/gems/actionpack-5.0.2/lib/action_dispatch/middleware/templates/routes/_table.html.erb (1.2ms)
  Rendering /Users/admin/.rvm/gems/ruby-2.3.0/gems/actionpack-5.0.2/lib/action_dispatch/middleware/templates/rescues/_request_and_response.html.erb
  Rendered /Users/admin/.rvm/gems/ruby-2.3.0/gems/actionpack-5.0.2/lib/action_dispatch/middleware/templates/rescues/_request_and_response.html.erb (1.2ms)
  Rendered /Users/admin/.rvm/gems/ruby-2.3.0/gems/actionpack-5.0.2/lib/action_dispatch/middleware/templates/rescues/routing_error.html.erb within rescues/layout (82.8ms)
Started GET "/" for ::1 at 2017-04-19 14:08:38 -0400
Processing by PicturesController#index as HTML
  Rendering pictures/index.html.erb within layouts/application
  [1m[36mPicture Load (0.7ms)[0m  [1m[34mSELECT "pictures".* FROM "pictures"[0m
  Rendered pictures/index.html.erb within layouts/application (5.1ms)
  [1m[36mUser Load (0.3ms)[0m  [1m[34mSELECT  "users".* FROM "users" WHERE "users"."id" = $1 LIMIT $2[0m  [["id", 1], ["LIMIT", 1]]
Completed 200 OK in 56ms (Views: 41.9ms | ActiveRecord: 4.2ms)


Started GET "/users/1" for ::1 at 2017-04-19 14:08:40 -0400
Processing by UsersController#show as HTML
  Parameters: {"id"=>"1"}
  [1m[36mUser Load (0.4ms)[0m  [1m[34mSELECT  "users".* FROM "users" WHERE "users"."id" = $1 LIMIT $2[0m  [["id", 1], ["LIMIT", 1]]
  Rendering users/show.html.erb within layouts/application
  [1m[36mUser Load (0.4ms)[0m  [1m[34mSELECT "users".* FROM "users" INNER JOIN "user_leaders" ON "users"."id" = "user_leaders"."leader_id" WHERE "user_leaders"."user_id" = $1[0m  [["user_id", 1]]
  [1m[36mPicture Load (0.2ms)[0m  [1m[34mSELECT "pictures".* FROM "pictures" WHERE "pictures"."user_id" = $1[0m  [["user_id", 1]]
  Rendered users/show.html.erb within layouts/application (35.8ms)
  [1m[36mUser Load (0.3ms)[0m  [1m[34mSELECT  "users".* FROM "users" WHERE "users"."id" = $1 LIMIT $2[0m  [["id", 1], ["LIMIT", 1]]
Completed 200 OK in 59ms (Views: 52.5ms | ActiveRecord: 2.9ms)


Started GET "/pictures/new" for ::1 at 2017-04-19 14:08:41 -0400
Processing by PicturesController#new as HTML
  Rendering pictures/new.html.erb within layouts/application
  Rendered pictures/new.html.erb within layouts/application (5.3ms)
  [1m[36mUser Load (0.3ms)[0m  [1m[34mSELECT  "users".* FROM "users" WHERE "users"."id" = $1 LIMIT $2[0m  [["id", 1], ["LIMIT", 1]]
Completed 200 OK in 46ms (Views: 30.5ms | ActiveRecord: 2.3ms)


Started POST "/pictures" for ::1 at 2017-04-19 14:08:51 -0400
Processing by PicturesController#create as HTML
  Parameters: {"utf8"=>"✓", "authenticity_token"=>"ZEkrEi0/EUKQqKIw/OsC6jEDGDVDpeuFe46G56i3rnPSQ6bS3m4vW1xHWLZU2x+SytXGwiDOAHZ5nNPX0rPDiw==", "picture"=>{"name"=>"Test", "image"=>#<ActionDispatch::Http::UploadedFile:0x007fca35bb1910 @tempfile=#<Tempfile:/var/folders/tw/2xq4bqc97qz777196k6cpklc0000gn/T/RackMultipart20170419-41350-47v44u.png>, @original_filename="wizard.png", @content_type="image/png", @headers="Content-Disposition: form-data; name=\"picture[image]\"; filename=\"wizard.png\"\r\nContent-Type: image/png\r\n">}, "categories"=>"test", "commit"=>"Create Picture"}
Completed 500 Internal Server Error in 2ms (ActiveRecord: 0.0ms)


  
ActiveModel::UnknownAttributeError (unknown attribute 'image' for Picture.):
  
app/controllers/pictures_controller.rb:10:in `create'
  Rendering /Users/admin/.rvm/gems/ruby-2.3.0/gems/actionpack-5.0.2/lib/action_dispatch/middleware/templates/rescues/diagnostics.html.erb within rescues/layout
  Rendering /Users/admin/.rvm/gems/ruby-2.3.0/gems/actionpack-5.0.2/lib/action_dispatch/middleware/templates/rescues/_source.html.erb
  Rendered /Users/admin/.rvm/gems/ruby-2.3.0/gems/actionpack-5.0.2/lib/action_dispatch/middleware/templates/rescues/_source.html.erb (3.8ms)
  Rendering /Users/admin/.rvm/gems/ruby-2.3.0/gems/actionpack-5.0.2/lib/action_dispatch/middleware/templates/rescues/_trace.html.erb
  Rendered /Users/admin/.rvm/gems/ruby-2.3.0/gems/actionpack-5.0.2/lib/action_dispatch/middleware/templates/rescues/_trace.html.erb (2.3ms)
  Rendering /Users/admin/.rvm/gems/ruby-2.3.0/gems/actionpack-5.0.2/lib/action_dispatch/middleware/templates/rescues/_request_and_response.html.erb
  Rendered /Users/admin/.rvm/gems/ruby-2.3.0/gems/actionpack-5.0.2/lib/action_dispatch/middleware/templates/rescues/_request_and_response.html.erb (2.2ms)
  Rendered /Users/admin/.rvm/gems/ruby-2.3.0/gems/actionpack-5.0.2/lib/action_dispatch/middleware/templates/rescues/diagnostics.html.erb within rescues/layout (68.8ms)
Started POST "/pictures" for ::1 at 2017-04-19 14:19:03 -0400
  [1m[36mActiveRecord::SchemaMigration Load (0.7ms)[0m  [1m[34mSELECT "schema_migrations".* FROM "schema_migrations"[0m
Processing by PicturesController#create as HTML
  Parameters: {"utf8"=>"✓", "authenticity_token"=>"AqywqVRySXdC6zPqeMgy++E6cfaZKurxLtEYksVfZIniFnmkszeTl6xM3jfpObYH/06VkY9kWTR/W2Nj9vDxIg==", "picture"=>{"name"=>"Test", "image"=>#<ActionDispatch::Http::UploadedFile:0x007f945ffe2f68 @tempfile=#<Tempfile:/var/folders/tw/2xq4bqc97qz777196k6cpklc0000gn/T/RackMultipart20170419-42375-ixlbxz.png>, @original_filename="wizard.png", @content_type="image/png", @headers="Content-Disposition: form-data; name=\"picture[image]\"; filename=\"wizard.png\"\r\nContent-Type: image/png\r\n">}, "categories"=>"test", "commit"=>"Create Picture"}
Completed 500 Internal Server Error in 26ms (ActiveRecord: 4.7ms)


  
ActiveModel::UnknownAttributeError (unknown attribute 'image' for Picture.):
  
app/controllers/pictures_controller.rb:10:in `create'
  Rendering /Users/admin/.rvm/gems/ruby-2.3.0/gems/actionpack-5.0.2/lib/action_dispatch/middleware/templates/rescues/diagnostics.html.erb within rescues/layout
  Rendering /Users/admin/.rvm/gems/ruby-2.3.0/gems/actionpack-5.0.2/lib/action_dispatch/middleware/templates/rescues/_source.html.erb
  Rendered /Users/admin/.rvm/gems/ruby-2.3.0/gems/actionpack-5.0.2/lib/action_dispatch/middleware/templates/rescues/_source.html.erb (2.8ms)
  Rendering /Users/admin/.rvm/gems/ruby-2.3.0/gems/actionpack-5.0.2/lib/action_dispatch/middleware/templates/rescues/_trace.html.erb
  Rendered /Users/admin/.rvm/gems/ruby-2.3.0/gems/actionpack-5.0.2/lib/action_dispatch/middleware/templates/rescues/_trace.html.erb (1.4ms)
  Rendering /Users/admin/.rvm/gems/ruby-2.3.0/gems/actionpack-5.0.2/lib/action_dispatch/middleware/templates/rescues/_request_and_response.html.erb
  Rendered /Users/admin/.rvm/gems/ruby-2.3.0/gems/actionpack-5.0.2/lib/action_dispatch/middleware/templates/rescues/_request_and_response.html.erb (1.3ms)
  Rendered /Users/admin/.rvm/gems/ruby-2.3.0/gems/actionpack-5.0.2/lib/action_dispatch/middleware/templates/rescues/diagnostics.html.erb within rescues/layout (62.7ms)
Started GET "/pictures/new" for ::1 at 2017-04-19 14:20:56 -0400
  [1m[36mActiveRecord::SchemaMigration Load (0.5ms)[0m  [1m[34mSELECT "schema_migrations".* FROM "schema_migrations"[0m
Processing by PicturesController#new as HTML
  Rendering pictures/new.html.erb within layouts/application
  Rendered pictures/new.html.erb within layouts/application (17.5ms)
  [1m[36mUser Load (0.4ms)[0m  [1m[34mSELECT  "users".* FROM "users" WHERE "users"."id" = $1 LIMIT $2[0m  [["id", 1], ["LIMIT", 1]]
Completed 200 OK in 269ms (Views: 224.2ms | ActiveRecord: 12.7ms)


Started POST "/pictures" for ::1 at 2017-04-19 14:21:04 -0400
Processing by PicturesController#create as HTML
  Parameters: {"utf8"=>"✓", "authenticity_token"=>"h0FCZJHpePttUqHEy5p0/86qO25yace323hCRkS8oT5n+4tpdqyiG4P1TBlaa/AD0N7fCWQndHKK8jm3dxM0lQ==", "picture"=>{"name"=>"Test", "image"=>#<ActionDispatch::Http::UploadedFile:0x007f888e179df0 @tempfile=#<Tempfile:/var/folders/tw/2xq4bqc97qz777196k6cpklc0000gn/T/RackMultipart20170419-42408-5icp3o.png>, @original_filename="wizard.png", @content_type="image/png", @headers="Content-Disposition: form-data; name=\"picture[image]\"; filename=\"wizard.png\"\r\nContent-Type: image/png\r\n">}, "categories"=>"wizard", "commit"=>"Create Picture"}
Completed 500 Internal Server Error in 1ms (ActiveRecord: 0.0ms)


  
ActiveModel::UnknownAttributeError (unknown attribute 'image' for Picture.):
  
app/controllers/pictures_controller.rb:10:in `create'
  Rendering /Users/admin/.rvm/gems/ruby-2.3.0/gems/actionpack-5.0.2/lib/action_dispatch/middleware/templates/rescues/diagnostics.html.erb within rescues/layout
  Rendering /Users/admin/.rvm/gems/ruby-2.3.0/gems/actionpack-5.0.2/lib/action_dispatch/middleware/templates/rescues/_source.html.erb
  Rendered /Users/admin/.rvm/gems/ruby-2.3.0/gems/actionpack-5.0.2/lib/action_dispatch/middleware/templates/rescues/_source.html.erb (2.9ms)
  Rendering /Users/admin/.rvm/gems/ruby-2.3.0/gems/actionpack-5.0.2/lib/action_dispatch/middleware/templates/rescues/_trace.html.erb
  Rendered /Users/admin/.rvm/gems/ruby-2.3.0/gems/actionpack-5.0.2/lib/action_dispatch/middleware/templates/rescues/_trace.html.erb (1.6ms)
  Rendering /Users/admin/.rvm/gems/ruby-2.3.0/gems/actionpack-5.0.2/lib/action_dispatch/middleware/templates/rescues/_request_and_response.html.erb
  Rendered /Users/admin/.rvm/gems/ruby-2.3.0/gems/actionpack-5.0.2/lib/action_dispatch/middleware/templates/rescues/_request_and_response.html.erb (1.6ms)
  Rendered /Users/admin/.rvm/gems/ruby-2.3.0/gems/actionpack-5.0.2/lib/action_dispatch/middleware/templates/rescues/diagnostics.html.erb within rescues/layout (61.8ms)
Started POST "/pictures" for ::1 at 2017-04-19 14:21:54 -0400
Processing by PicturesController#create as HTML
Can't verify CSRF token authenticity.
Completed 422 Unprocessable Entity in 1ms (ActiveRecord: 0.0ms)


  
ActionController::InvalidAuthenticityToken (ActionController::InvalidAuthenticityToken):
  
actionpack (5.0.2) lib/action_controller/metal/request_forgery_protection.rb:195:in `handle_unverified_request'
actionpack (5.0.2) lib/action_controller/metal/request_forgery_protection.rb:223:in `handle_unverified_request'
actionpack (5.0.2) lib/action_controller/metal/request_forgery_protection.rb:218:in `verify_authenticity_token'
activesupport (5.0.2) lib/active_support/callbacks.rb:382:in `block in make_lambda'
activesupport (5.0.2) lib/active_support/callbacks.rb:169:in `block (2 levels) in halting'
actionpack (5.0.2) lib/abstract_controller/callbacks.rb:12:in `block (2 levels) in <module:Callbacks>'
activesupport (5.0.2) lib/active_support/callbacks.rb:170:in `block in halting'
activesupport (5.0.2) lib/active_support/callbacks.rb:454:in `block in call'
activesupport (5.0.2) lib/active_support/callbacks.rb:454:in `each'
activesupport (5.0.2) lib/active_support/callbacks.rb:454:in `call'
activesupport (5.0.2) lib/active_support/callbacks.rb:101:in `__run_callbacks__'
activesupport (5.0.2) lib/active_support/callbacks.rb:750:in `_run_process_action_callbacks'
activesupport (5.0.2) lib/active_support/callbacks.rb:90:in `run_callbacks'
actionpack (5.0.2) lib/abstract_controller/callbacks.rb:19:in `process_action'
actionpack (5.0.2) lib/action_controller/metal/rescue.rb:20:in `process_action'
actionpack (5.0.2) lib/action_controller/metal/instrumentation.rb:32:in `block in process_action'
activesupport (5.0.2) lib/active_support/notifications.rb:164:in `block in instrument'
activesupport (5.0.2) lib/active_support/notifications/instrumenter.rb:21:in `instrument'
activesupport (5.0.2) lib/active_support/notifications.rb:164:in `instrument'
actionpack (5.0.2) lib/action_controller/metal/instrumentation.rb:30:in `process_action'
actionpack (5.0.2) lib/action_controller/metal/params_wrapper.rb:248:in `process_action'
activerecord (5.0.2) lib/active_record/railties/controller_runtime.rb:18:in `process_action'
actionpack (5.0.2) lib/abstract_controller/base.rb:126:in `process'
actionview (5.0.2) lib/action_view/rendering.rb:30:in `process'
actionpack (5.0.2) lib/action_controller/metal.rb:190:in `dispatch'
actionpack (5.0.2) lib/action_controller/metal.rb:262:in `dispatch'
actionpack (5.0.2) lib/action_dispatch/routing/route_set.rb:50:in `dispatch'
actionpack (5.0.2) lib/action_dispatch/routing/route_set.rb:32:in `serve'
actionpack (5.0.2) lib/action_dispatch/journey/router.rb:39:in `block in serve'
actionpack (5.0.2) lib/action_dispatch/journey/router.rb:26:in `each'
actionpack (5.0.2) lib/action_dispatch/journey/router.rb:26:in `serve'
actionpack (5.0.2) lib/action_dispatch/routing/route_set.rb:725:in `call'
rack (2.0.1) lib/rack/etag.rb:25:in `call'
rack (2.0.1) lib/rack/conditional_get.rb:38:in `call'
rack (2.0.1) lib/rack/head.rb:12:in `call'
rack (2.0.1) lib/rack/session/abstract/id.rb:222:in `context'
rack (2.0.1) lib/rack/session/abstract/id.rb:216:in `call'
actionpack (5.0.2) lib/action_dispatch/middleware/cookies.rb:613:in `call'
activerecord (5.0.2) lib/active_record/migration.rb:553:in `call'
actionpack (5.0.2) lib/action_dispatch/middleware/callbacks.rb:38:in `block in call'
activesupport (5.0.2) lib/active_support/callbacks.rb:97:in `__run_callbacks__'
activesupport (5.0.2) lib/active_support/callbacks.rb:750:in `_run_call_callbacks'
activesupport (5.0.2) lib/active_support/callbacks.rb:90:in `run_callbacks'
actionpack (5.0.2) lib/action_dispatch/middleware/callbacks.rb:36:in `call'
actionpack (5.0.2) lib/action_dispatch/middleware/executor.rb:12:in `call'
actionpack (5.0.2) lib/action_dispatch/middleware/remote_ip.rb:79:in `call'
actionpack (5.0.2) lib/action_dispatch/middleware/debug_exceptions.rb:49:in `call'
web-console (3.5.0) lib/web_console/middleware.rb:135:in `call_app'
web-console (3.5.0) lib/web_console/middleware.rb:28:in `block in call'
web-console (3.5.0) lib/web_console/middleware.rb:18:in `catch'
web-console (3.5.0) lib/web_console/middleware.rb:18:in `call'
actionpack (5.0.2) lib/action_dispatch/middleware/show_exceptions.rb:31:in `call'
railties (5.0.2) lib/rails/rack/logger.rb:36:in `call_app'
railties (5.0.2) lib/rails/rack/logger.rb:24:in `block in call'
activesupport (5.0.2) lib/active_support/tagged_logging.rb:69:in `block in tagged'
activesupport (5.0.2) lib/active_support/tagged_logging.rb:26:in `tagged'
activesupport (5.0.2) lib/active_support/tagged_logging.rb:69:in `tagged'
railties (5.0.2) lib/rails/rack/logger.rb:24:in `call'
sprockets-rails (3.2.0) lib/sprockets/rails/quiet_assets.rb:13:in `call'
actionpack (5.0.2) lib/action_dispatch/middleware/request_id.rb:24:in `call'
rack (2.0.1) lib/rack/method_override.rb:22:in `call'
rack (2.0.1) lib/rack/runtime.rb:22:in `call'
activesupport (5.0.2) lib/active_support/cache/strategy/local_cache_middleware.rb:28:in `call'
actionpack (5.0.2) lib/action_dispatch/middleware/executor.rb:12:in `call'
actionpack (5.0.2) lib/action_dispatch/middleware/static.rb:136:in `call'
rack (2.0.1) lib/rack/sendfile.rb:111:in `call'
railties (5.0.2) lib/rails/engine.rb:522:in `call'
puma (3.8.2) lib/puma/configuration.rb:224:in `call'
puma (3.8.2) lib/puma/server.rb:600:in `handle_request'
puma (3.8.2) lib/puma/server.rb:435:in `process_client'
puma (3.8.2) lib/puma/server.rb:299:in `block in run'
puma (3.8.2) lib/puma/thread_pool.rb:120:in `block in spawn_thread'
  Rendering /Users/admin/.rvm/gems/ruby-2.3.0/gems/actionpack-5.0.2/lib/action_dispatch/middleware/templates/rescues/diagnostics.html.erb within rescues/layout
  Rendering /Users/admin/.rvm/gems/ruby-2.3.0/gems/actionpack-5.0.2/lib/action_dispatch/middleware/templates/rescues/_source.html.erb
  Rendered /Users/admin/.rvm/gems/ruby-2.3.0/gems/actionpack-5.0.2/lib/action_dispatch/middleware/templates/rescues/_source.html.erb (3.1ms)
  Rendering /Users/admin/.rvm/gems/ruby-2.3.0/gems/actionpack-5.0.2/lib/action_dispatch/middleware/templates/rescues/_trace.html.erb
  Rendered /Users/admin/.rvm/gems/ruby-2.3.0/gems/actionpack-5.0.2/lib/action_dispatch/middleware/templates/rescues/_trace.html.erb (1.6ms)
  Rendering /Users/admin/.rvm/gems/ruby-2.3.0/gems/actionpack-5.0.2/lib/action_dispatch/middleware/templates/rescues/_request_and_response.html.erb
  Rendered /Users/admin/.rvm/gems/ruby-2.3.0/gems/actionpack-5.0.2/lib/action_dispatch/middleware/templates/rescues/_request_and_response.html.erb (0.8ms)
  Rendered /Users/admin/.rvm/gems/ruby-2.3.0/gems/actionpack-5.0.2/lib/action_dispatch/middleware/templates/rescues/diagnostics.html.erb within rescues/layout (63.7ms)
Started POST "/pictures" for ::1 at 2017-04-19 14:22:21 -0400
Processing by PicturesController#create as HTML
  Parameters: {"utf8"=>"✓", "authenticity_token"=>"h0FCZJHpePttUqHEy5p0/86qO25yace323hCRkS8oT5n+4tpdqyiG4P1TBlaa/AD0N7fCWQndHKK8jm3dxM0lQ==", "picture"=>{"name"=>"Test", "image"=>#<ActionDispatch::Http::UploadedFile:0x007f8887202030 @tempfile=#<Tempfile:/var/folders/tw/2xq4bqc97qz777196k6cpklc0000gn/T/RackMultipart20170419-42408-12htceh.png>, @original_filename="wizard.png", @content_type="image/png", @headers="Content-Disposition: form-data; name=\"picture[image]\"; filename=\"wizard.png\"\r\nContent-Type: image/png\r\n">}, "categories"=>"wizard", "commit"=>"Create Picture"}
Completed 500 Internal Server Error in 51747ms (ActiveRecord: 7.4ms)


  
ActiveModel::UnknownAttributeError (unknown attribute 'image' for Picture.):
  
app/controllers/pictures_controller.rb:11:in `create'
  Rendering /Users/admin/.rvm/gems/ruby-2.3.0/gems/actionpack-5.0.2/lib/action_dispatch/middleware/templates/rescues/diagnostics.html.erb within rescues/layout
  Rendering /Users/admin/.rvm/gems/ruby-2.3.0/gems/actionpack-5.0.2/lib/action_dispatch/middleware/templates/rescues/_source.html.erb
  Rendered /Users/admin/.rvm/gems/ruby-2.3.0/gems/actionpack-5.0.2/lib/action_dispatch/middleware/templates/rescues/_source.html.erb (2.3ms)
  Rendering /Users/admin/.rvm/gems/ruby-2.3.0/gems/actionpack-5.0.2/lib/action_dispatch/middleware/templates/rescues/_trace.html.erb
  Rendered /Users/admin/.rvm/gems/ruby-2.3.0/gems/actionpack-5.0.2/lib/action_dispatch/middleware/templates/rescues/_trace.html.erb (1.6ms)
  Rendering /Users/admin/.rvm/gems/ruby-2.3.0/gems/actionpack-5.0.2/lib/action_dispatch/middleware/templates/rescues/_request_and_response.html.erb
  Rendered /Users/admin/.rvm/gems/ruby-2.3.0/gems/actionpack-5.0.2/lib/action_dispatch/middleware/templates/rescues/_request_and_response.html.erb (1.2ms)
  Rendered /Users/admin/.rvm/gems/ruby-2.3.0/gems/actionpack-5.0.2/lib/action_dispatch/middleware/templates/rescues/diagnostics.html.erb within rescues/layout (61.1ms)
Started GET "/users/new" for ::1 at 2017-04-19 14:23:56 -0400
  [1m[36mActiveRecord::SchemaMigration Load (0.6ms)[0m  [1m[34mSELECT "schema_migrations".* FROM "schema_migrations"[0m
Processing by UsersController#new as HTML
  Rendering users/new.html.erb within layouts/application
  Rendered users/new.html.erb within layouts/application (16.0ms)
  [1m[36mUser Load (0.4ms)[0m  [1m[34mSELECT  "users".* FROM "users" WHERE "users"."id" = $1 LIMIT $2[0m  [["id", 1], ["LIMIT", 1]]
Completed 200 OK in 218ms (Views: 190.4ms | ActiveRecord: 6.2ms)


Started POST "/users" for ::1 at 2017-04-19 14:24:03 -0400
Processing by UsersController#create as HTML
  Parameters: {"utf8"=>"✓", "authenticity_token"=>"G6O98L33NJ15p/jr0jTStB92crl1dBxv9RtUYIFcUm/7GXT9WrLufZcAFTZDxVZIAQKW3mM6r6qkkS+RsvPHxA==", "user"=>{"username"=>"Mark", "password"=>"[FILTERED]", "password_confirmation"=>"[FILTERED]"}, "commit"=>"Create User"}
  [1m[35m (0.1ms)[0m  [1m[35mBEGIN[0m
  [1m[35mSQL (0.8ms)[0m  [1m[32mINSERT INTO "users" ("username", "password_digest") VALUES ($1, $2) RETURNING "id"[0m  [["username", "Mark"], ["password_digest", "$2a$10$6uA.OIbxq7sr3CV4/KiKhek2Nc4ERP7a6lHeU6Zw6WDrVqpju.lGm"]]
  [1m[35m (2.2ms)[0m  [1m[35mCOMMIT[0m
Redirected to http://localhost:3000/users/2
Completed 302 Found in 78ms (ActiveRecord: 3.1ms)


Started GET "/users/2" for ::1 at 2017-04-19 14:24:03 -0400
Processing by UsersController#show as HTML
  Parameters: {"id"=>"2"}
  [1m[36mUser Load (0.3ms)[0m  [1m[34mSELECT  "users".* FROM "users" WHERE "users"."id" = $1 LIMIT $2[0m  [["id", 2], ["LIMIT", 1]]
  Rendering users/show.html.erb within layouts/application
  [1m[36mUser Load (0.7ms)[0m  [1m[34mSELECT "users".* FROM "users" INNER JOIN "user_leaders" ON "users"."id" = "user_leaders"."leader_id" WHERE "user_leaders"."user_id" = $1[0m  [["user_id", 2]]
  [1m[36mPicture Load (0.3ms)[0m  [1m[34mSELECT "pictures".* FROM "pictures" WHERE "pictures"."user_id" = $1[0m  [["user_id", 2]]
  Rendered users/show.html.erb within layouts/application (39.0ms)
  [1m[36mUser Load (0.3ms)[0m  [1m[34mSELECT  "users".* FROM "users" WHERE "users"."id" = $1 LIMIT $2[0m  [["id", 2], ["LIMIT", 1]]
Completed 200 OK in 58ms (Views: 48.8ms | ActiveRecord: 6.8ms)


Started GET "/pictures/new" for ::1 at 2017-04-19 14:24:07 -0400
Processing by PicturesController#new as HTML
  Rendering pictures/new.html.erb within layouts/application
  Rendered pictures/new.html.erb within layouts/application (5.0ms)
  [1m[36mUser Load (0.3ms)[0m  [1m[34mSELECT  "users".* FROM "users" WHERE "users"."id" = $1 LIMIT $2[0m  [["id", 2], ["LIMIT", 1]]
Completed 200 OK in 40ms (Views: 26.5ms | ActiveRecord: 4.9ms)


Started POST "/pictures" for ::1 at 2017-04-19 14:24:19 -0400
Processing by PicturesController#create as HTML
  Parameters: {"utf8"=>"✓", "authenticity_token"=>"59g2LtcYM7hLiQqLXxr0KMA7Zrs/X9SYF/eKfJfSahhR0rvuJEkNoYdm8A33KulQO+24TFw0P2sV5d9M7dYH4A==", "picture"=>{"name"=>"Test", "image"=>#<ActionDispatch::Http::UploadedFile:0x007fdc59bbe328 @tempfile=#<Tempfile:/var/folders/tw/2xq4bqc97qz777196k6cpklc0000gn/T/RackMultipart20170419-42474-hm6uud.png>, @original_filename="wizard.png", @content_type="image/png", @headers="Content-Disposition: form-data; name=\"picture[image]\"; filename=\"wizard.png\"\r\nContent-Type: image/png\r\n">}, "categories"=>"Test", "commit"=>"Create Picture"}
Completed 500 Internal Server Error in 4160ms (ActiveRecord: 0.0ms)


  
ActiveModel::UnknownAttributeError (unknown attribute 'image' for Picture.):
  
app/controllers/pictures_controller.rb:11:in `create'
  Rendering /Users/admin/.rvm/gems/ruby-2.3.0/gems/actionpack-5.0.2/lib/action_dispatch/middleware/templates/rescues/diagnostics.html.erb within rescues/layout
  Rendering /Users/admin/.rvm/gems/ruby-2.3.0/gems/actionpack-5.0.2/lib/action_dispatch/middleware/templates/rescues/_source.html.erb
  Rendered /Users/admin/.rvm/gems/ruby-2.3.0/gems/actionpack-5.0.2/lib/action_dispatch/middleware/templates/rescues/_source.html.erb (3.7ms)
  Rendering /Users/admin/.rvm/gems/ruby-2.3.0/gems/actionpack-5.0.2/lib/action_dispatch/middleware/templates/rescues/_trace.html.erb
  Rendered /Users/admin/.rvm/gems/ruby-2.3.0/gems/actionpack-5.0.2/lib/action_dispatch/middleware/templates/rescues/_trace.html.erb (2.2ms)
  Rendering /Users/admin/.rvm/gems/ruby-2.3.0/gems/actionpack-5.0.2/lib/action_dispatch/middleware/templates/rescues/_request_and_response.html.erb
  Rendered /Users/admin/.rvm/gems/ruby-2.3.0/gems/actionpack-5.0.2/lib/action_dispatch/middleware/templates/rescues/_request_and_response.html.erb (2.3ms)
  Rendered /Users/admin/.rvm/gems/ruby-2.3.0/gems/actionpack-5.0.2/lib/action_dispatch/middleware/templates/rescues/diagnostics.html.erb within rescues/layout (62.0ms)
Started GET "/" for ::1 at 2017-04-19 14:54:01 -0400
  [1m[36mActiveRecord::SchemaMigration Load (0.5ms)[0m  [1m[34mSELECT "schema_migrations".* FROM "schema_migrations"[0m
Processing by PicturesController#index as HTML
  Rendering pictures/index.html.erb within layouts/application
  [1m[36mPicture Load (0.6ms)[0m  [1m[34mSELECT "pictures".* FROM "pictures"[0m
  Rendered pictures/index.html.erb within layouts/application (4.7ms)
  [1m[36mUser Load (0.3ms)[0m  [1m[34mSELECT  "users".* FROM "users" WHERE "users"."id" = $1 LIMIT $2[0m  [["id", 2], ["LIMIT", 1]]
Completed 200 OK in 321ms (Views: 293.5ms | ActiveRecord: 8.1ms)


Started GET "/users/2" for ::1 at 2017-04-19 14:54:03 -0400
Processing by UsersController#show as HTML
  Parameters: {"id"=>"2"}
  [1m[36mUser Load (0.8ms)[0m  [1m[34mSELECT  "users".* FROM "users" WHERE "users"."id" = $1 LIMIT $2[0m  [["id", 2], ["LIMIT", 1]]
  Rendering users/show.html.erb within layouts/application
  [1m[36mUser Load (0.5ms)[0m  [1m[34mSELECT "users".* FROM "users" INNER JOIN "user_leaders" ON "users"."id" = "user_leaders"."leader_id" WHERE "user_leaders"."user_id" = $1[0m  [["user_id", 2]]
  [1m[36mPicture Load (0.3ms)[0m  [1m[34mSELECT "pictures".* FROM "pictures" WHERE "pictures"."user_id" = $1[0m  [["user_id", 2]]
  Rendered users/show.html.erb within layouts/application (32.2ms)
  [1m[36mUser Load (0.3ms)[0m  [1m[34mSELECT  "users".* FROM "users" WHERE "users"."id" = $1 LIMIT $2[0m  [["id", 2], ["LIMIT", 1]]
Completed 200 OK in 55ms (Views: 46.8ms | ActiveRecord: 4.9ms)


Started GET "/pictures/new" for ::1 at 2017-04-19 14:54:04 -0400
Processing by PicturesController#new as HTML
  Rendering pictures/new.html.erb within layouts/application
  Rendered pictures/new.html.erb within layouts/application (18.7ms)
  [1m[36mUser Load (0.4ms)[0m  [1m[34mSELECT  "users".* FROM "users" WHERE "users"."id" = $1 LIMIT $2[0m  [["id", 2], ["LIMIT", 1]]
Completed 200 OK in 52ms (Views: 38.0ms | ActiveRecord: 5.3ms)


Started POST "/pictures" for ::1 at 2017-04-19 14:54:11 -0400
Processing by PicturesController#create as HTML
  Parameters: {"utf8"=>"✓", "authenticity_token"=>"MVguLNIRq9qkyOXiRFlNG80aJn2T+dq+sKWllX8PtSWHUqPsIUCVw2gnH2TsaVBjNsz4ivCSMU2yt/ClBQvY3Q==", "picture"=>{"name"=>"Test", "image"=>#<ActionDispatch::Http::UploadedFile:0x007f8aefaaa268 @tempfile=#<Tempfile:/var/folders/tw/2xq4bqc97qz777196k6cpklc0000gn/T/RackMultipart20170419-42670-1w5o1av.jpg>, @original_filename="wizard.jpg", @content_type="image/jpeg", @headers="Content-Disposition: form-data; name=\"picture[image]\"; filename=\"wizard.jpg\"\r\nContent-Type: image/jpeg\r\n">}, "categories"=>"test", "commit"=>"Create Picture"}
Command :: PATH=/usr/local/bin/:$PATH; file -b --mime '/var/folders/tw/2xq4bqc97qz777196k6cpklc0000gn/T/d8d3a01ba7e5d44394b6f0a8533f464720170419-42670-1ayawws.jpg'
  [1m[36mCategory Load (1.0ms)[0m  [1m[34mSELECT  "categories".* FROM "categories" WHERE "categories"."name" = $1 LIMIT $2[0m  [["name", "test"], ["LIMIT", 1]]
  [1m[35m (0.2ms)[0m  [1m[35mBEGIN[0m
  [1m[35mSQL (0.8ms)[0m  [1m[32mINSERT INTO "categories" ("name") VALUES ($1) RETURNING "id"[0m  [["name", "test"]]
  [1m[35m (0.4ms)[0m  [1m[35mCOMMIT[0m
  [1m[36mUser Load (0.4ms)[0m  [1m[34mSELECT  "users".* FROM "users" WHERE "users"."id" = $1 LIMIT $2[0m  [["id", 2], ["LIMIT", 1]]
  [1m[35m (0.2ms)[0m  [1m[35mBEGIN[0m
Command :: PATH=/usr/local/bin/:$PATH; file -b --mime '/var/folders/tw/2xq4bqc97qz777196k6cpklc0000gn/T/d8d3a01ba7e5d44394b6f0a8533f464720170419-42670-2dg5ah.jpg'
  [1m[35mSQL (0.6ms)[0m  [1m[32mINSERT INTO "pictures" ("user_id", "name", "image_file_name", "image_content_type", "image_file_size", "image_updated_at") VALUES ($1, $2, $3, $4, $5, $6) RETURNING "id"[0m  [["user_id", 2], ["name", "Test"], ["image_file_name", "wizard.jpg"], ["image_content_type", "image/jpeg"], ["image_file_size", 28164], ["image_updated_at", 2017-04-19 18:54:11 UTC]]
  [1m[35mSQL (0.5ms)[0m  [1m[32mINSERT INTO "picture_categories" ("picture_id", "category_id") VALUES ($1, $2) RETURNING "id"[0m  [["picture_id", 1], ["category_id", 1]]
  [1m[35m (0.4ms)[0m  [1m[35mCOMMIT[0m
Redirected to http://localhost:3000/pictures/1
Completed 302 Found in 91ms (ActiveRecord: 11.8ms)


Started GET "/pictures/1" for ::1 at 2017-04-19 14:54:11 -0400
Processing by PicturesController#show as HTML
  Parameters: {"id"=>"1"}
  [1m[36mPicture Load (0.3ms)[0m  [1m[34mSELECT  "pictures".* FROM "pictures" WHERE "pictures"."id" = $1 LIMIT $2[0m  [["id", 1], ["LIMIT", 1]]
  Rendering pictures/show.html.erb within layouts/application
  [1m[36mUser Load (0.3ms)[0m  [1m[34mSELECT  "users".* FROM "users" WHERE "users"."id" = $1 LIMIT $2[0m  [["id", 2], ["LIMIT", 1]]
  [1m[36mCategory Load (0.4ms)[0m  [1m[34mSELECT "categories".* FROM "categories" INNER JOIN "picture_categories" ON "categories"."id" = "picture_categories"."category_id" WHERE "picture_categories"."picture_id" = $1[0m  [["picture_id", 1]]
  [1m[36mPictureCategory Load (0.2ms)[0m  [1m[34mSELECT  "picture_categories".* FROM "picture_categories" WHERE "picture_categories"."picture_id" = $1 AND "picture_categories"."category_id" = $2 LIMIT $3[0m  [["picture_id", 1], ["category_id", 1], ["LIMIT", 1]]
  [1m[36mCategory Load (0.2ms)[0m  [1m[34mSELECT "categories".* FROM "categories"[0m
  Rendered pictures/show.html.erb within layouts/application (13.2ms)
  [1m[36mCACHE (0.0ms)[0m  [1m[34mSELECT  "users".* FROM "users" WHERE "users"."id" = $1 LIMIT $2[0m  [["id", 2], ["LIMIT", 1]]
Completed 200 OK in 39ms (Views: 33.0ms | ActiveRecord: 1.3ms)


  [1m[36mPicture Load (0.7ms)[0m  [1m[34mSELECT "pictures".* FROM "pictures"[0m
  [1m[36mPicture Load (0.3ms)[0m  [1m[34mSELECT  "pictures".* FROM "pictures" ORDER BY "pictures"."id" ASC LIMIT $1[0m  [["LIMIT", 1]]
  [1m[36mPicture Load (0.4ms)[0m  [1m[34mSELECT  "pictures".* FROM "pictures" ORDER BY "pictures"."id" ASC LIMIT $1[0m  [["LIMIT", 1]]
  [1m[36mPicture Load (0.5ms)[0m  [1m[34mSELECT  "pictures".* FROM "pictures" ORDER BY "pictures"."id" ASC LIMIT $1[0m  [["LIMIT", 1]]
  [1m[36mPicture Load (0.4ms)[0m  [1m[34mSELECT  "pictures".* FROM "pictures" ORDER BY "pictures"."id" ASC LIMIT $1[0m  [["LIMIT", 1]]
  [1m[36mPicture Load (0.3ms)[0m  [1m[34mSELECT  "pictures".* FROM "pictures" ORDER BY "pictures"."id" ASC LIMIT $1[0m  [["LIMIT", 1]]
